Job start at 2025-12-25 12:49:54
Job run at:
   Static hostname: localhost.localdomain
Transient hostname: r8l40-a04
         Icon name: computer-server
           Chassis: server
        Machine ID: 491a5dca4f474a4599d9ee3bc3088082
           Boot ID: 207a21bc76bc45e599a7a2a79227fe92
  Operating System: Rocky Linux 8.7 (Green Obsidian)
       CPE OS Name: cpe:/o:rocky:rocky:8:GA
            Kernel: Linux 4.18.0-425.10.1.el8_7.x86_64
      Architecture: x86-64
Filesystem                                        Size  Used Avail Use% Mounted on
/dev/mapper/rl-root                               376G   24G  352G   7% /
/dev/mapper/rl-var                                512G   15G  498G   3% /var
/dev/nvme2n1p1                                    3.5T   26G  3.5T   1% /tmp
/dev/nvme1n1p1                                    3.5T   25G  3.5T   1% /local
/dev/nvme0n1p2                                    2.0G  366M  1.7G  18% /boot
/dev/nvme0n1p1                                    599M  5.8M  594M   1% /boot/efi
/dev/nvme4n1p1                                    3.5T   37G  3.5T   2% /local/nfscache
ssd.nas00.future.cn:/rocky8_home                   16G   14G  2.2G  87% /home
ssd.nas00.future.cn:/rocky8_workspace             400G     0  400G   0% /workspace
ssd.nas00.future.cn:/rocky8_tools                 5.0T   99G  5.0T   2% /tools
ssd.nas00.future.cn:/centos7_home                  16G  4.1G   12G  26% /centos7/home
ssd.nas00.future.cn:/centos7_workspace            400G     0  400G   0% /centos7/workspace
ssd.nas00.future.cn:/centos7_tools                5.0T  235G  4.8T   5% /centos7/tools
ssd.nas00.future.cn:/eda-tools                    8.0T  5.7T  2.4T  72% /centos7/eda-tools
hdd.nas00.future.cn:/share_personal               500G     0  500G   0% /share/personal
zone05.nas01.future.cn:/NAS_HPC_collab_codemodel   40T   37T  3.8T  91% /share/collab/codemodel
ext-zone00.nas02.future.cn:/nfs_global            393T  380T   14T  97% /nfs_global
ssd.nas00.future.cn:/common_datasets               75T   64T   12T  85% /datasets
192.168.12.10@o2ib:192.168.12.11@o2ib:/lustre     1.9P   12T  1.8P   1% /lustre
beegfs_nodev                                       70T   15T   56T  21% /fast
Currently Loaded Modulefiles: 1) cluster-tools/v1.0 3) cuda-cudnn/12.1-8.9.3 5) git/2.31.1 2) cmake/3.21.7 4) gcc/9.3.0 6) slurm-tools/v1.0
/tools/cluster-software/gcc/gcc-9.3.0/bin/gcc
/home/S/yangrongzheng/miniconda3/bin/python
/home/S/yangrongzheng/miniconda3/bin/python3
############### /home : /home/S/yangrongzheng
Disk quotas for user yangrongzheng (uid 6215): 
     Filesystem   space   quota   limit   grace   files   quota   limit   grace
          /home  14178M  16384M  20480M            156k       0       0        

############### /workspace
Disk quotas for user yangrongzheng (uid 6215): 
     Filesystem   space   quota   limit   grace   files   quota   limit   grace
     /workspace      0K    400G    500G               1       0       0        

############### /nfs_global
Disk quotas for user yangrongzheng (uid 6215): 
     Filesystem   space   quota   limit   grace   files   quota   limit   grace
    /nfs_global 101404M   5120G   7168G            350k   5000k  10000k        

############### /lustre
Disk quotas for usr yangrongzheng (uid 6215):
     Filesystem    used   quota   limit   grace   files   quota   limit   grace
        /lustre      0k      8T     10T       -       0  3000000 36000000       -
uid 6215 is using default block quota setting
uid 6215 is using default file quota setting
name, driver_version, power.limit [W]
NVIDIA L40, 570.124.06, 275.00 W
NVIDIA L40, 570.124.06, 275.00 W
NVIDIA L40, 570.124.06, 275.00 W
NVIDIA L40, 570.124.06, 275.00 W
NVIDIA L40, 570.124.06, 275.00 W
NVIDIA L40, 570.124.06, 275.00 W
NVIDIA L40, 570.124.06, 275.00 W
NVIDIA L40, 570.124.06, 275.00 W
Using GPU(s) 0,1,2,3,4,5,6,7
This job is assigned the following resources by SLURM:
CPU_IDs=0-111 GRES=gpu:8(IDX:0-7)
Main program continues to run. Monitoring information will be exported after three hours.
